enter P 0
-->found {
enter S 0
enter A 0
-->found let
-->found ID: t
-->found :=
enter E 0
enter B 0
enter R 0
enter T 0
enter F 0
enter U 0
-->found FLOATLIT: 1
exit U 0
exit F 0
exit T 0
exit R 0
exit B 0
exit E 0
-->found ;
exit A 0
exit S 0
 enter S 1
enter O 0
-->found print
-->found string: "k! calculator."
-->found ;
exit O 0
 exit S 1
  enter S 2
enter G 0
-->found read
-->found string: "input the value of k: "
-->found ID: k
-->found ;
exit G 0
  exit S 2
   enter S 3
enter C 0
-->found if
-->found (
 enter E 1
 enter B 1
 enter R 1
 enter T 1
 enter F 1
 enter U 1
-->found ID: k
 exit U 1
 exit F 1
 exit T 1
 exit R 1
-->found <
  enter R 2
  enter T 2
  enter F 2
  enter U 2
-->found FLOATLIT: 0
  exit U 2
  exit F 2
  exit T 2
  exit R 2
 exit B 1
 exit E 1
-->found )
 enter P 1
-->found {
    enter S 4
 enter O 1
-->found print
-->found string: "The value of k cannot be negative."
-->found ;
 exit O 1
    exit S 4
     enter S 5
  enter O 2
-->found print
-->found string: "You entered: "
-->found ID: k
-->found ;
  exit O 2
     exit S 5
-->found }
 exit P 1
-->found else
  enter P 2
-->found {
      enter S 6
enter W 0
-->found while
-->found (
  enter E 2
  enter B 2
   enter R 3
   enter T 3
   enter F 3
   enter U 3
-->found ID: k
   exit U 3
   exit F 3
   exit T 3
   exit R 3
-->found >
    enter R 4
    enter T 4
    enter F 4
    enter U 4
-->found FLOATLIT: 1
    exit U 4
    exit F 4
    exit T 4
    exit R 4
  exit B 2
  exit E 2
-->found )
   enter P 3
-->found {
       enter S 7
 enter A 1
-->found let
-->found ID: t
-->found :=
   enter E 3
   enter B 3
     enter R 5
     enter T 5
     enter F 5
     enter U 5
-->found ID: t
     exit U 5
     exit F 5
-->found *
      enter F 6
      enter U 6
-->found ID: k
      exit U 6
      exit F 6
     exit T 5
     exit R 5
   exit B 3
   exit E 3
-->found ;
 exit A 1
       exit S 7
        enter S 8
  enter A 2
-->found let
-->found ID: k
-->found :=
    enter E 4
    enter B 4
      enter R 6
      enter T 6
       enter F 7
       enter U 7
-->found ID: k
       exit U 7
       exit F 7
      exit T 6
-->found -
       enter T 7
        enter F 8
        enter U 8
-->found FLOATLIT: 1
        exit U 8
        exit F 8
       exit T 7
      exit R 6
    exit B 4
    exit E 4
-->found ;
  exit A 2
        exit S 8
-->found }
   exit P 3
exit W 0
      exit S 6
         enter S 9
   enter O 3
-->found print
-->found string: "k! is: "
-->found ID: t
-->found ;
   exit O 3
         exit S 9
-->found }
  exit P 2
exit C 0
   exit S 3
-->found }
exit P 0

=== GO BULLDOGS! Your parse was successful! ===

symbol = k, value = 0
symbol = t, value = 1
